[35m[1mScanning dependencies of target smb_highlevel_controller[0m
[ 66%] [32mBuilding CXX object CMakeFiles/smb_highlevel_controller.dir/src/SmbHighlevelController.cpp.o[0m
[ 66%] [32mBuilding CXX object CMakeFiles/smb_highlevel_controller.dir/src/smb_highlevel_controller_node.cpp.o[0m
[01m[K/home/youwuyou/Workspaces/smb_ws/src/smb_highlevel_controller/src/SmbHighlevelController.cpp:[m[K In member function â€˜[01m[Kbool smb_highlevel_controller::SmbHighlevelController::stop_(std_srvs::SetBool::Request&, std_srvs::SetBool::Response&)[m[Kâ€™:
[01m[K/home/youwuyou/Workspaces/smb_ws/src/smb_highlevel_controller/src/SmbHighlevelController.cpp:134:3:[m[K [01;31m[Kerror: [m[Kâ€˜[01m[Kstart_stop_publ[m[Kâ€™ was not declared in this scope
  134 |   [01;31m[Kstart_stop_publ[m[K.publish(false);
      |   [01;31m[K^~~~~~~~~~~~~~~[m[K
[01m[K/home/youwuyou/Workspaces/smb_ws/src/smb_highlevel_controller/src/SmbHighlevelController.cpp:140:3:[m[K [01;31m[Kerror: [m[Kâ€˜[01m[Kstart_stop_publ[m[Kâ€™ was not declared in this scope
  140 |   [01;31m[Kstart_stop_publ[m[K.publish(true);
      |   [01;31m[K^~~~~~~~~~~~~~~[m[K
make[2]: *** [CMakeFiles/smb_highlevel_controller.dir/build.make:76: CMakeFiles/smb_highlevel_controller.dir/src/SmbHighlevelController.cpp.o] Error 1
make[1]: *** [CMakeFiles/Makefile2:165: CMakeFiles/smb_highlevel_controller.dir/all] Error 2
make: *** [Makefile:141: all] Error 2
