[01m[K/home/youwuyou/Workspaces/smb_ws/src/smb_highlevel_controller/src/SmbHighlevelController.cpp:[m[K In constructor â€˜[01m[Ksmb_highlevel_controller::SmbHighlevelController::SmbHighlevelController(ros::NodeHandle&)[m[Kâ€™:
[01m[K/home/youwuyou/Workspaces/smb_ws/src/smb_highlevel_controller/src/SmbHighlevelController.cpp:45:75:[m[K [01;31m[Kerror: [m[Kâ€˜[01m[KscanCallback[m[Kâ€™ is not a member of â€˜[01m[Ksmb_highlevel_controller::SmbHighlevelController[m[Kâ€™
   45 |         nodeHandle_.subscribe(topic, queue_size, &SmbHighlevelController::[01;31m[KscanCallback[m[K, this);
      |                                                                           [01;31m[K^~~~~~~~~~~~[m[K
[01m[K/home/youwuyou/Workspaces/smb_ws/src/smb_highlevel_controller/src/SmbHighlevelController.cpp:[m[K At global scope:
[01m[K/home/youwuyou/Workspaces/smb_ws/src/smb_highlevel_controller/src/SmbHighlevelController.cpp:56:6:[m[K [01;31m[Kerror: [m[Kno declaration matches â€˜[01m[Kvoid smb_highlevel_controller::SmbHighlevelController::scanCallback(const ConstPtr&)[m[Kâ€™
   56 | void [01;31m[KSmbHighlevelController[m[K::scanCallback(const sensor_msgs::LaserScan::ConstPtr& msg){
      |      [01;31m[K^~~~~~~~~~~~~~~~~~~~~~[m[K
[01m[K/home/youwuyou/Workspaces/smb_ws/src/smb_highlevel_controller/src/SmbHighlevelController.cpp:56:6:[m[K [01;36m[Knote: [m[Kno functions named â€˜[01m[Kvoid smb_highlevel_controller::SmbHighlevelController::scanCallback(const ConstPtr&)[m[Kâ€™
In file included from [01m[K/home/youwuyou/Workspaces/smb_ws/src/smb_highlevel_controller/src/SmbHighlevelController.cpp:1[m[K:
[01m[K/home/youwuyou/Workspaces/smb_ws/src/smb_highlevel_controller/include/smb_highlevel_controller/SmbHighlevelController.hpp:15:7:[m[K [01;36m[Knote: [m[Kâ€˜[01m[Kclass smb_highlevel_controller::SmbHighlevelController[m[Kâ€™ defined here
   15 | class [01;36m[KSmbHighlevelController[m[K {
      |       [01;36m[K^~~~~~~~~~~~~~~~~~~~~~[m[K
make[2]: *** [CMakeFiles/smb_highlevel_controller.dir/build.make:76: CMakeFiles/smb_highlevel_controller.dir/src/SmbHighlevelController.cpp.o] Error 1
make[2]: *** Waiting for unfinished jobs....
make[1]: *** [CMakeFiles/Makefile2:165: CMakeFiles/smb_highlevel_controller.dir/all] Error 2
make: *** [Makefile:141: all] Error 2
