[01m[K/home/youwuyou/Workspaces/smb_ws/src/smb_highlevel_controller/src/SmbHighlevelController.cpp:[m[K In member function â€˜[01m[Kvoid smb_highlevel_controller::SmbHighlevelController::scanCallback(const ConstPtr&)[m[Kâ€™:
[01m[K/home/youwuyou/Workspaces/smb_ws/src/smb_highlevel_controller/src/SmbHighlevelController.cpp:74:30:[m[K [01;31m[Kerror: [m[Kâ€˜[01m[Ksensor[m[Kâ€™ was not declared in this scope
   74 |     cmd_vel_msg.linear.z = (([01;31m[Ksensor[m[K - 180.0) / 100.0 ) * pid_p;
      |                              [01;31m[K^~~~~~[m[K
make[2]: *** [CMakeFiles/smb_highlevel_controller.dir/build.make:76: CMakeFiles/smb_highlevel_controller.dir/src/SmbHighlevelController.cpp.o] Error 1
make[1]: *** [CMakeFiles/Makefile2:165: CMakeFiles/smb_highlevel_controller.dir/all] Error 2
make: *** [Makefile:141: all] Error 2
