[35m[1mScanning dependencies of target smb_highlevel_controller[0m
[ 33%] [32mBuilding CXX object CMakeFiles/smb_highlevel_controller.dir/src/SmbHighlevelController.cpp.o[0m
[01m[K/home/youwuyou/Workspaces/smb_ws/src/smb_highlevel_controller/src/SmbHighlevelController.cpp:[m[K In constructor â€˜[01m[Ksmb_highlevel_controller::SmbHighlevelController::SmbHighlevelController(ros::NodeHandle&)[m[Kâ€™:
[01m[K/home/youwuyou/Workspaces/smb_ws/src/smb_highlevel_controller/src/SmbHighlevelController.cpp:44:21:[m[K [01;31m[Kerror: [m[Kâ€˜[01m[Knh[m[Kâ€™ was not declared in this scope
   44 |   start_stop_publ = [01;31m[Knh[m[K.advertise<std_msgs::Bool>("/start_stop", 1);
      |                     [01;31m[K^~[m[K
[01m[K/home/youwuyou/Workspaces/smb_ws/src/smb_highlevel_controller/src/SmbHighlevelController.cpp:44:48:[m[K [01;31m[Kerror: [m[Kexpected primary-expression before â€˜[01m[K>[m[Kâ€™ token
   44 |   start_stop_publ = nh.advertise<std_msgs::Bool[01;31m[K>[m[K("/start_stop", 1);
      |                                                [01;31m[K^[m[K
In file included from [01m[K/opt/ros/noetic/include/ros/serialization.h:37[m[K,
                 from [01m[K/opt/ros/noetic/include/ros/publisher.h:34[m[K,
                 from [01m[K/opt/ros/noetic/include/ros/node_handle.h:32[m[K,
                 from [01m[K/opt/ros/noetic/include/ros/ros.h:45[m[K,
                 from [01m[K/home/youwuyou/Workspaces/smb_ws/src/smb_highlevel_controller/include/smb_highlevel_controller/SmbHighlevelController.hpp:3[m[K,
                 from [01m[K/home/youwuyou/Workspaces/smb_ws/src/smb_highlevel_controller/src/SmbHighlevelController.cpp:1[m[K:
/opt/ros/noetic/include/ros/message_traits.h: In instantiation of â€˜[01m[Kstatic const char* ros::message_traits::MD5Sum<M>::value(const M&) [with M = bool][m[Kâ€™:
[01m[K/opt/ros/noetic/include/ros/message_traits.h:254:102:[m[K   required from â€˜[01m[Kconst char* ros::message_traits::md5sum(const M&) [with M = bool][m[Kâ€™
[01m[K/opt/ros/noetic/include/ros/publisher.h:117:38:[m[K   required from â€˜[01m[Kvoid ros::Publisher::publish(const M&) const [with M = bool][m[Kâ€™
[01m[K/home/youwuyou/Workspaces/smb_ws/src/smb_highlevel_controller/src/SmbHighlevelController.cpp:140:32:[m[K   required from here
[01m[K/opt/ros/noetic/include/ros/message_traits.h:125:14:[m[K [01;31m[Kerror: [m[Krequest for member â€˜[01m[K__getMD5Sum[m[Kâ€™ in â€˜[01m[Km[m[Kâ€™, which is of non-class type â€˜[01m[Kconst bool[m[Kâ€™
  125 |     return [01;31m[Km.__getMD5Sum[m[K().c_str();
      |            [01;31m[K~~^~~~~~~~~~~[m[K
/opt/ros/noetic/include/ros/message_traits.h: In instantiation of â€˜[01m[Kstatic const char* ros::message_traits::DataType<M>::value(const M&) [with M = bool][m[Kâ€™:
[01m[K/opt/ros/noetic/include/ros/message_traits.h:263:104:[m[K   required from â€˜[01m[Kconst char* ros::message_traits::datatype(const M&) [with M = bool][m[Kâ€™
[01m[K/opt/ros/noetic/include/ros/publisher.h:119:11:[m[K   required from â€˜[01m[Kvoid ros::Publisher::publish(const M&) const [with M = bool][m[Kâ€™
[01m[K/home/youwuyou/Workspaces/smb_ws/src/smb_highlevel_controller/src/SmbHighlevelController.cpp:140:32:[m[K   required from here
[01m[K/opt/ros/noetic/include/ros/message_traits.h:142:14:[m[K [01;31m[Kerror: [m[Krequest for member â€˜[01m[K__getDataType[m[Kâ€™ in â€˜[01m[Km[m[Kâ€™, which is of non-class type â€˜[01m[Kconst bool[m[Kâ€™
  142 |     return [01;31m[Km.__getDataType[m[K().c_str();
      |            [01;31m[K~~^~~~~~~~~~~~~[m[K
make[2]: *** [CMakeFiles/smb_highlevel_controller.dir/build.make:76: CMakeFiles/smb_highlevel_controller.dir/src/SmbHighlevelController.cpp.o] Error 1
make[1]: *** [CMakeFiles/Makefile2:165: CMakeFiles/smb_highlevel_controller.dir/all] Error 2
make: *** [Makefile:141: all] Error 2
